2024-11-25 21:19:13 - INFO - updating database
2024-11-25 21:19:13 - INFO - Connecting to Supabase...
2024-11-25 21:19:13 - INFO - Supabase client created successfully!
2024-11-25 21:19:13 - INFO - HTTP Request: POST https://ibwaxbmvshovpenseudo.supabase.co/rest/v1/rpc/paginate_stock_symbols "HTTP/2 200 OK"
2024-11-25 21:19:13 - INFO - Aktie 1: ADM
2024-11-25 21:19:13 - INFO - HTTP Request: POST https://ibwaxbmvshovpenseudo.supabase.co/rest/v1/rpc/upsert_stock_prices_bulk "HTTP/2 204 No Content"
2024-11-25 21:19:13 - INFO - Inserted 1 rows.
2024-11-25 21:19:14 - INFO - Aktie 2: RNL1.F
2024-11-25 21:19:14 - INFO - HTTP Request: POST https://ibwaxbmvshovpenseudo.supabase.co/rest/v1/rpc/upsert_stock_prices_bulk "HTTP/2 204 No Content"
2024-11-25 21:19:14 - INFO - Inserted 1 rows.
2024-11-25 21:19:14 - INFO - Aktie 3: RNO.PA
2024-11-25 21:19:15 - INFO - HTTP Request: POST https://ibwaxbmvshovpenseudo.supabase.co/rest/v1/rpc/upsert_stock_prices_bulk "HTTP/2 204 No Content"
2024-11-25 21:19:15 - INFO - Inserted 1 rows.
2024-11-25 21:19:15 - INFO - Aktie 4: DTG.DE
2024-11-25 21:19:15 - INFO - HTTP Request: POST https://ibwaxbmvshovpenseudo.supabase.co/rest/v1/rpc/upsert_stock_prices_bulk "HTTP/2 204 No Content"
2024-11-25 21:19:15 - INFO - Inserted 1 rows.
2024-11-25 21:19:16 - INFO - Aktie 5: F
2024-11-25 21:19:16 - INFO - HTTP Request: POST https://ibwaxbmvshovpenseudo.supabase.co/rest/v1/rpc/upsert_stock_prices_bulk "HTTP/2 204 No Content"
2024-11-25 21:19:16 - INFO - Inserted 1 rows.
2024-11-25 21:19:17 - INFO - Aktie 6: RACE.MI
2024-11-25 21:19:17 - INFO - HTTP Request: POST https://ibwaxbmvshovpenseudo.supabase.co/rest/v1/rpc/upsert_stock_prices_bulk "HTTP/2 204 No Content"
2024-11-25 21:19:17 - INFO - Inserted 1 rows.
2024-11-25 21:19:17 - INFO - Aktie 7: PAH3.DE
2024-11-25 21:19:17 - INFO - HTTP Request: POST https://ibwaxbmvshovpenseudo.supabase.co/rest/v1/rpc/upsert_stock_prices_bulk "HTTP/2 204 No Content"
2024-11-25 21:19:17 - INFO - Inserted 1 rows.
2024-11-25 21:19:18 - INFO - Aktie 8: STLA
2024-11-25 21:19:18 - INFO - HTTP Request: POST https://ibwaxbmvshovpenseudo.supabase.co/rest/v1/rpc/upsert_stock_prices_bulk "HTTP/2 204 No Content"
2024-11-25 21:19:18 - INFO - Inserted 1 rows.
2024-11-25 21:19:19 - INFO - Aktie 9: 7EL.F
2024-11-25 21:19:19 - INFO - HTTP Request: POST https://ibwaxbmvshovpenseudo.supabase.co/rest/v1/rpc/upsert_stock_prices_bulk "HTTP/2 204 No Content"
2024-11-25 21:19:19 - INFO - Inserted 1 rows.
2024-11-25 21:19:19 - INFO - Aktie 10: BWA
2024-11-25 21:19:19 - INFO - HTTP Request: POST https://ibwaxbmvshovpenseudo.supabase.co/rest/v1/rpc/upsert_stock_prices_bulk "HTTP/2 204 No Content"
2024-11-25 21:19:19 - INFO - Inserted 1 rows.
2024-11-25 21:19:20 - INFO - Aktie 11: BMED.MI
2024-11-25 21:19:20 - ERROR - Traceback (most recent call last):
2024-11-25 21:19:20 - ERROR - File "/home/johannes/Desktop/aktien-datenbank/src/bgservice.py", line 58, in <module>
2024-11-25 21:19:20 - ERROR - schedule.run_all()
2024-11-25 21:19:20 - ERROR - File "/nix/store/wm8mv62sb73zny51g9pkxi72992bxjwq-python3.12-schedule-1.2.2/lib/python3.12/site-packages/schedule/__init__.py", line 861, in run_all
2024-11-25 21:19:20 - ERROR - default_scheduler.run_all(delay_seconds=delay_seconds)
2024-11-25 21:19:20 - ERROR - File "/nix/store/wm8mv62sb73zny51g9pkxi72992bxjwq-python3.12-schedule-1.2.2/lib/python3.12/site-packages/schedule/__init__.py", line 119, in run_all
2024-11-25 21:19:20 - ERROR - self._run_job(job)
2024-11-25 21:19:20 - ERROR - File "/nix/store/wm8mv62sb73zny51g9pkxi72992bxjwq-python3.12-schedule-1.2.2/lib/python3.12/site-packages/schedule/__init__.py", line 173, in _run_job
2024-11-25 21:19:20 - ERROR - ret = job.run()
2024-11-25 21:19:20 - ERROR - ^
2024-11-25 21:19:20 - ERROR - ^
2024-11-25 21:19:20 - ERROR - ^
2024-11-25 21:19:20 - ERROR - ^
2024-11-25 21:19:20 - ERROR - ^
2024-11-25 21:19:20 - ERROR - ^
2024-11-25 21:19:20 - ERROR - ^
2024-11-25 21:19:20 - ERROR - ^
2024-11-25 21:19:20 - ERROR - ^
2024-11-25 21:19:20 - ERROR - File "/nix/store/wm8mv62sb73zny51g9pkxi72992bxjwq-python3.12-schedule-1.2.2/lib/python3.12/site-packages/schedule/__init__.py", line 691, in run
2024-11-25 21:19:20 - ERROR - ret = self.job_func()
2024-11-25 21:19:20 - ERROR - ^
2024-11-25 21:19:20 - ERROR - ^
2024-11-25 21:19:20 - ERROR - ^
2024-11-25 21:19:20 - ERROR - ^
2024-11-25 21:19:20 - ERROR - ^
2024-11-25 21:19:20 - ERROR - ^
2024-11-25 21:19:20 - ERROR - ^
2024-11-25 21:19:20 - ERROR - ^
2024-11-25 21:19:20 - ERROR - ^
2024-11-25 21:19:20 - ERROR - ^
2024-11-25 21:19:20 - ERROR - ^
2024-11-25 21:19:20 - ERROR - ^
2024-11-25 21:19:20 - ERROR - ^
2024-11-25 21:19:20 - ERROR - ^
2024-11-25 21:19:20 - ERROR - ^
2024-11-25 21:19:20 - ERROR - File "/home/johannes/Desktop/aktien-datenbank/src/bgservice.py", line 27, in job
2024-11-25 21:19:20 - ERROR - update()
2024-11-25 21:19:20 - ERROR - File "/home/johannes/Desktop/aktien-datenbank/src/updateDatabase.py", line 32, in update
2024-11-25 21:19:20 - ERROR - el = msft.history(period=record.getUpdatePeriod(id))
2024-11-25 21:19:20 - ERROR - ^
2024-11-25 21:19:20 - ERROR - ^
2024-11-25 21:19:20 - ERROR - ^
2024-11-25 21:19:20 - ERROR - ^
2024-11-25 21:19:20 - ERROR - ^
2024-11-25 21:19:20 - ERROR - ^
2024-11-25 21:19:20 - ERROR - ^
2024-11-25 21:19:20 - ERROR - ^
2024-11-25 21:19:20 - ERROR - ^
2024-11-25 21:19:20 - ERROR - ^
2024-11-25 21:19:20 - ERROR - ^
2024-11-25 21:19:20 - ERROR - ^
2024-11-25 21:19:20 - ERROR - ^
2024-11-25 21:19:20 - ERROR - ^
2024-11-25 21:19:20 - ERROR - ^
2024-11-25 21:19:20 - ERROR - ^
2024-11-25 21:19:20 - ERROR - ^
2024-11-25 21:19:20 - ERROR - ^
2024-11-25 21:19:20 - ERROR - ^
2024-11-25 21:19:20 - ERROR - ^
2024-11-25 21:19:20 - ERROR - ^
2024-11-25 21:19:20 - ERROR - ^
2024-11-25 21:19:20 - ERROR - ^
2024-11-25 21:19:20 - ERROR - ^
2024-11-25 21:19:20 - ERROR - ^
2024-11-25 21:19:20 - ERROR - ^
2024-11-25 21:19:20 - ERROR - ^
2024-11-25 21:19:20 - ERROR - ^
2024-11-25 21:19:20 - ERROR - ^
2024-11-25 21:19:20 - ERROR - ^
2024-11-25 21:19:20 - ERROR - ^
2024-11-25 21:19:20 - ERROR - ^
2024-11-25 21:19:20 - ERROR - ^
2024-11-25 21:19:20 - ERROR - ^
2024-11-25 21:19:20 - ERROR - ^
2024-11-25 21:19:20 - ERROR - ^
2024-11-25 21:19:20 - ERROR - ^
2024-11-25 21:19:20 - ERROR - ^
2024-11-25 21:19:20 - ERROR - ^
2024-11-25 21:19:20 - ERROR - ^
2024-11-25 21:19:20 - ERROR - ^
2024-11-25 21:19:20 - ERROR - ^
2024-11-25 21:19:20 - ERROR - ^
2024-11-25 21:19:20 - ERROR - ^
2024-11-25 21:19:20 - ERROR - ^
2024-11-25 21:19:20 - ERROR - ^
2024-11-25 21:19:20 - ERROR - ^
2024-11-25 21:19:20 - ERROR - File "/nix/store/0agkf04yxfbbydww9knvxxskh0kysfbz-python3.12-yfinance-0.2.48/lib/python3.12/site-packages/yfinance/utils.py", line 104, in wrapper
2024-11-25 21:19:20 - ERROR - result = func(*args, **kwargs)
2024-11-25 21:19:20 - ERROR - ^
2024-11-25 21:19:20 - ERROR - ^
2024-11-25 21:19:20 - ERROR - ^
2024-11-25 21:19:20 - ERROR - ^
2024-11-25 21:19:20 - ERROR - ^
2024-11-25 21:19:20 - ERROR - ^
2024-11-25 21:19:20 - ERROR - ^
2024-11-25 21:19:20 - ERROR - ^
2024-11-25 21:19:20 - ERROR - ^
2024-11-25 21:19:20 - ERROR - ^
2024-11-25 21:19:20 - ERROR - ^
2024-11-25 21:19:20 - ERROR - ^
2024-11-25 21:19:20 - ERROR - ^
2024-11-25 21:19:20 - ERROR - ^
2024-11-25 21:19:20 - ERROR - ^
2024-11-25 21:19:20 - ERROR - ^
2024-11-25 21:19:20 - ERROR - ^
2024-11-25 21:19:20 - ERROR - ^
2024-11-25 21:19:20 - ERROR - ^
2024-11-25 21:19:20 - ERROR - ^
2024-11-25 21:19:20 - ERROR - ^
2024-11-25 21:19:20 - ERROR - File "/nix/store/0agkf04yxfbbydww9knvxxskh0kysfbz-python3.12-yfinance-0.2.48/lib/python3.12/site-packages/yfinance/base.py", line 80, in history
2024-11-25 21:19:20 - ERROR - return self._lazy_load_price_history().history(*args, **kwargs)
2024-11-25 21:19:20 - ERROR - ^
2024-11-25 21:19:20 - ERROR - ^
2024-11-25 21:19:20 - ERROR - ^
2024-11-25 21:19:20 - ERROR - ^
2024-11-25 21:19:20 - ERROR - ^
2024-11-25 21:19:20 - ERROR - ^
2024-11-25 21:19:20 - ERROR - ^
2024-11-25 21:19:20 - ERROR - ^
2024-11-25 21:19:20 - ERROR - ^
2024-11-25 21:19:20 - ERROR - ^
2024-11-25 21:19:20 - ERROR - ^
2024-11-25 21:19:20 - ERROR - ^
2024-11-25 21:19:20 - ERROR - ^
2024-11-25 21:19:20 - ERROR - ^
2024-11-25 21:19:20 - ERROR - ^
2024-11-25 21:19:20 - ERROR - ^
2024-11-25 21:19:20 - ERROR - ^
2024-11-25 21:19:20 - ERROR - ^
2024-11-25 21:19:20 - ERROR - ^
2024-11-25 21:19:20 - ERROR - ^
2024-11-25 21:19:20 - ERROR - ^
2024-11-25 21:19:20 - ERROR - ^
2024-11-25 21:19:20 - ERROR - ^
2024-11-25 21:19:20 - ERROR - ^
2024-11-25 21:19:20 - ERROR - ^
2024-11-25 21:19:20 - ERROR - ^
2024-11-25 21:19:20 - ERROR - ^
2024-11-25 21:19:20 - ERROR - ^
2024-11-25 21:19:20 - ERROR - ^
2024-11-25 21:19:20 - ERROR - ^
2024-11-25 21:19:20 - ERROR - ^
2024-11-25 21:19:20 - ERROR - ^
2024-11-25 21:19:20 - ERROR - ^
2024-11-25 21:19:20 - ERROR - ^
2024-11-25 21:19:20 - ERROR - ^
2024-11-25 21:19:20 - ERROR - ^
2024-11-25 21:19:20 - ERROR - ^
2024-11-25 21:19:20 - ERROR - ^
2024-11-25 21:19:20 - ERROR - ^
2024-11-25 21:19:20 - ERROR - ^
2024-11-25 21:19:20 - ERROR - ^
2024-11-25 21:19:20 - ERROR - ^
2024-11-25 21:19:20 - ERROR - ^
2024-11-25 21:19:20 - ERROR - ^
2024-11-25 21:19:20 - ERROR - ^
2024-11-25 21:19:20 - ERROR - ^
2024-11-25 21:19:20 - ERROR - ^
2024-11-25 21:19:20 - ERROR - ^
2024-11-25 21:19:20 - ERROR - ^
2024-11-25 21:19:20 - ERROR - ^
2024-11-25 21:19:20 - ERROR - ^
2024-11-25 21:19:20 - ERROR - ^
2024-11-25 21:19:20 - ERROR - ^
2024-11-25 21:19:20 - ERROR - ^
2024-11-25 21:19:20 - ERROR - ^
2024-11-25 21:19:20 - ERROR - ^
2024-11-25 21:19:20 - ERROR - File "/nix/store/0agkf04yxfbbydww9knvxxskh0kysfbz-python3.12-yfinance-0.2.48/lib/python3.12/site-packages/yfinance/utils.py", line 104, in wrapper
2024-11-25 21:19:20 - ERROR - result = func(*args, **kwargs)
2024-11-25 21:19:20 - ERROR - ^
2024-11-25 21:19:20 - ERROR - ^
2024-11-25 21:19:20 - ERROR - ^
2024-11-25 21:19:20 - ERROR - ^
2024-11-25 21:19:20 - ERROR - ^
2024-11-25 21:19:20 - ERROR - ^
2024-11-25 21:19:20 - ERROR - ^
2024-11-25 21:19:20 - ERROR - ^
2024-11-25 21:19:20 - ERROR - ^
2024-11-25 21:19:20 - ERROR - ^
2024-11-25 21:19:20 - ERROR - ^
2024-11-25 21:19:20 - ERROR - ^
2024-11-25 21:19:20 - ERROR - ^
2024-11-25 21:19:20 - ERROR - ^
2024-11-25 21:19:20 - ERROR - ^
2024-11-25 21:19:20 - ERROR - ^
2024-11-25 21:19:20 - ERROR - ^
2024-11-25 21:19:20 - ERROR - ^
2024-11-25 21:19:20 - ERROR - ^
2024-11-25 21:19:20 - ERROR - ^
2024-11-25 21:19:20 - ERROR - ^
2024-11-25 21:19:20 - ERROR - File "/nix/store/0agkf04yxfbbydww9knvxxskh0kysfbz-python3.12-yfinance-0.2.48/lib/python3.12/site-packages/yfinance/scrapers/history.py", line 175, in history
2024-11-25 21:19:20 - ERROR - data = get_fn(
2024-11-25 21:19:20 - ERROR - ^
2024-11-25 21:19:20 - ERROR - ^
2024-11-25 21:19:20 - ERROR - ^
2024-11-25 21:19:20 - ERROR - ^
2024-11-25 21:19:20 - ERROR - ^
2024-11-25 21:19:20 - ERROR - ^
2024-11-25 21:19:20 - ERROR - ^
2024-11-25 21:19:20 - ERROR - File "/nix/store/0agkf04yxfbbydww9knvxxskh0kysfbz-python3.12-yfinance-0.2.48/lib/python3.12/site-packages/yfinance/utils.py", line 104, in wrapper
2024-11-25 21:19:20 - ERROR - result = func(*args, **kwargs)
2024-11-25 21:19:20 - ERROR - ^
2024-11-25 21:19:20 - ERROR - ^
2024-11-25 21:19:20 - ERROR - ^
2024-11-25 21:19:20 - ERROR - ^
2024-11-25 21:19:20 - ERROR - ^
2024-11-25 21:19:20 - ERROR - ^
2024-11-25 21:19:20 - ERROR - ^
2024-11-25 21:19:20 - ERROR - ^
2024-11-25 21:19:20 - ERROR - ^
2024-11-25 21:19:20 - ERROR - ^
2024-11-25 21:19:20 - ERROR - ^
2024-11-25 21:19:20 - ERROR - ^
2024-11-25 21:19:20 - ERROR - ^
2024-11-25 21:19:20 - ERROR - ^
2024-11-25 21:19:20 - ERROR - ^
2024-11-25 21:19:20 - ERROR - ^
2024-11-25 21:19:20 - ERROR - ^
2024-11-25 21:19:20 - ERROR - ^
2024-11-25 21:19:20 - ERROR - ^
2024-11-25 21:19:20 - ERROR - ^
2024-11-25 21:19:20 - ERROR - ^
2024-11-25 21:19:20 - ERROR - File "/nix/store/0agkf04yxfbbydww9knvxxskh0kysfbz-python3.12-yfinance-0.2.48/lib/python3.12/site-packages/yfinance/data.py", line 333, in get
2024-11-25 21:19:20 - ERROR - return self._make_request(url, request_method = self._session.get, user_agent_headers=user_agent_headers, params=params, proxy=proxy, timeout=timeout)
2024-11-25 21:19:20 - ERROR - ^
2024-11-25 21:19:20 - ERROR - ^
2024-11-25 21:19:20 - ERROR - ^
2024-11-25 21:19:20 - ERROR - ^
2024-11-25 21:19:20 - ERROR - ^
2024-11-25 21:19:20 - ERROR - ^
2024-11-25 21:19:20 - ERROR - ^
2024-11-25 21:19:20 - ERROR - ^
2024-11-25 21:19:20 - ERROR - ^
2024-11-25 21:19:20 - ERROR - ^
2024-11-25 21:19:20 - ERROR - ^
2024-11-25 21:19:20 - ERROR - ^
2024-11-25 21:19:20 - ERROR - ^
2024-11-25 21:19:20 - ERROR - ^
2024-11-25 21:19:20 - ERROR - ^
2024-11-25 21:19:20 - ERROR - ^
2024-11-25 21:19:20 - ERROR - ^
2024-11-25 21:19:20 - ERROR - ^
2024-11-25 21:19:20 - ERROR - ^
2024-11-25 21:19:20 - ERROR - ^
2024-11-25 21:19:20 - ERROR - ^
2024-11-25 21:19:20 - ERROR - ^
2024-11-25 21:19:20 - ERROR - ^
2024-11-25 21:19:20 - ERROR - ^
2024-11-25 21:19:20 - ERROR - ^
2024-11-25 21:19:20 - ERROR - ^
2024-11-25 21:19:20 - ERROR - ^
2024-11-25 21:19:20 - ERROR - ^
2024-11-25 21:19:20 - ERROR - ^
2024-11-25 21:19:20 - ERROR - ^
2024-11-25 21:19:20 - ERROR - ^
2024-11-25 21:19:20 - ERROR - ^
2024-11-25 21:19:20 - ERROR - ^
2024-11-25 21:19:20 - ERROR - ^
2024-11-25 21:19:20 - ERROR - ^
2024-11-25 21:19:20 - ERROR - ^
2024-11-25 21:19:20 - ERROR - ^
2024-11-25 21:19:20 - ERROR - ^
2024-11-25 21:19:20 - ERROR - ^
2024-11-25 21:19:20 - ERROR - ^
2024-11-25 21:19:20 - ERROR - ^
2024-11-25 21:19:20 - ERROR - ^
2024-11-25 21:19:20 - ERROR - ^
2024-11-25 21:19:20 - ERROR - ^
2024-11-25 21:19:20 - ERROR - ^
2024-11-25 21:19:20 - ERROR - ^
2024-11-25 21:19:20 - ERROR - ^
2024-11-25 21:19:20 - ERROR - ^
2024-11-25 21:19:20 - ERROR - ^
2024-11-25 21:19:20 - ERROR - ^
2024-11-25 21:19:20 - ERROR - ^
2024-11-25 21:19:20 - ERROR - ^
2024-11-25 21:19:20 - ERROR - ^
2024-11-25 21:19:20 - ERROR - ^
2024-11-25 21:19:20 - ERROR - ^
2024-11-25 21:19:20 - ERROR - ^
2024-11-25 21:19:20 - ERROR - ^
2024-11-25 21:19:20 - ERROR - ^
2024-11-25 21:19:20 - ERROR - ^
2024-11-25 21:19:20 - ERROR - ^
2024-11-25 21:19:20 - ERROR - ^
2024-11-25 21:19:20 - ERROR - ^
2024-11-25 21:19:20 - ERROR - ^
2024-11-25 21:19:20 - ERROR - ^
2024-11-25 21:19:20 - ERROR - ^
2024-11-25 21:19:20 - ERROR - ^
2024-11-25 21:19:20 - ERROR - ^
2024-11-25 21:19:20 - ERROR - ^
2024-11-25 21:19:20 - ERROR - ^
2024-11-25 21:19:20 - ERROR - ^
2024-11-25 21:19:20 - ERROR - ^
2024-11-25 21:19:20 - ERROR - ^
2024-11-25 21:19:20 - ERROR - ^
2024-11-25 21:19:20 - ERROR - ^
2024-11-25 21:19:20 - ERROR - ^
2024-11-25 21:19:20 - ERROR - ^
2024-11-25 21:19:20 - ERROR - ^
2024-11-25 21:19:20 - ERROR - ^
2024-11-25 21:19:20 - ERROR - ^
2024-11-25 21:19:20 - ERROR - ^
2024-11-25 21:19:20 - ERROR - ^
2024-11-25 21:19:20 - ERROR - ^
2024-11-25 21:19:20 - ERROR - ^
2024-11-25 21:19:20 - ERROR - ^
2024-11-25 21:19:20 - ERROR - ^
2024-11-25 21:19:20 - ERROR - ^
2024-11-25 21:19:20 - ERROR - ^
2024-11-25 21:19:20 - ERROR - ^
2024-11-25 21:19:20 - ERROR - ^
2024-11-25 21:19:20 - ERROR - ^
2024-11-25 21:19:20 - ERROR - ^
2024-11-25 21:19:20 - ERROR - ^
2024-11-25 21:19:20 - ERROR - ^
2024-11-25 21:19:20 - ERROR - ^
2024-11-25 21:19:20 - ERROR - ^
2024-11-25 21:19:20 - ERROR - ^
2024-11-25 21:19:20 - ERROR - ^
2024-11-25 21:19:20 - ERROR - ^
2024-11-25 21:19:20 - ERROR - ^
2024-11-25 21:19:20 - ERROR - ^
2024-11-25 21:19:20 - ERROR - ^
2024-11-25 21:19:20 - ERROR - ^
2024-11-25 21:19:20 - ERROR - ^
2024-11-25 21:19:20 - ERROR - ^
2024-11-25 21:19:20 - ERROR - ^
2024-11-25 21:19:20 - ERROR - ^
2024-11-25 21:19:20 - ERROR - ^
2024-11-25 21:19:20 - ERROR - ^
2024-11-25 21:19:20 - ERROR - ^
2024-11-25 21:19:20 - ERROR - ^
2024-11-25 21:19:20 - ERROR - ^
2024-11-25 21:19:20 - ERROR - ^
2024-11-25 21:19:20 - ERROR - ^
2024-11-25 21:19:20 - ERROR - ^
2024-11-25 21:19:20 - ERROR - ^
2024-11-25 21:19:20 - ERROR - ^
2024-11-25 21:19:20 - ERROR - ^
2024-11-25 21:19:20 - ERROR - ^
2024-11-25 21:19:20 - ERROR - ^
2024-11-25 21:19:20 - ERROR - ^
2024-11-25 21:19:20 - ERROR - ^
2024-11-25 21:19:20 - ERROR - ^
2024-11-25 21:19:20 - ERROR - ^
2024-11-25 21:19:20 - ERROR - ^
2024-11-25 21:19:20 - ERROR - ^
2024-11-25 21:19:20 - ERROR - ^
2024-11-25 21:19:20 - ERROR - ^
2024-11-25 21:19:20 - ERROR - ^
2024-11-25 21:19:20 - ERROR - ^
2024-11-25 21:19:20 - ERROR - ^
2024-11-25 21:19:20 - ERROR - ^
2024-11-25 21:19:20 - ERROR - ^
2024-11-25 21:19:20 - ERROR - ^
2024-11-25 21:19:20 - ERROR - ^
2024-11-25 21:19:20 - ERROR - ^
2024-11-25 21:19:20 - ERROR - ^
2024-11-25 21:19:20 - ERROR - ^
2024-11-25 21:19:20 - ERROR - ^
2024-11-25 21:19:20 - ERROR - ^
2024-11-25 21:19:20 - ERROR - ^
2024-11-25 21:19:20 - ERROR - ^
2024-11-25 21:19:20 - ERROR - ^
2024-11-25 21:19:20 - ERROR - ^
2024-11-25 21:19:20 - ERROR - File "/nix/store/0agkf04yxfbbydww9knvxxskh0kysfbz-python3.12-yfinance-0.2.48/lib/python3.12/site-packages/yfinance/utils.py", line 104, in wrapper
2024-11-25 21:19:20 - ERROR - result = func(*args, **kwargs)
2024-11-25 21:19:20 - ERROR - ^
2024-11-25 21:19:20 - ERROR - ^
2024-11-25 21:19:20 - ERROR - ^
2024-11-25 21:19:20 - ERROR - ^
2024-11-25 21:19:20 - ERROR - ^
2024-11-25 21:19:20 - ERROR - ^
2024-11-25 21:19:20 - ERROR - ^
2024-11-25 21:19:20 - ERROR - ^
2024-11-25 21:19:20 - ERROR - ^
2024-11-25 21:19:20 - ERROR - ^
2024-11-25 21:19:20 - ERROR - ^
2024-11-25 21:19:20 - ERROR - ^
2024-11-25 21:19:20 - ERROR - ^
2024-11-25 21:19:20 - ERROR - ^
2024-11-25 21:19:20 - ERROR - ^
2024-11-25 21:19:20 - ERROR - ^
2024-11-25 21:19:20 - ERROR - ^
2024-11-25 21:19:20 - ERROR - ^
2024-11-25 21:19:20 - ERROR - ^
2024-11-25 21:19:20 - ERROR - ^
2024-11-25 21:19:20 - ERROR - ^
2024-11-25 21:19:20 - ERROR - File "/nix/store/0agkf04yxfbbydww9knvxxskh0kysfbz-python3.12-yfinance-0.2.48/lib/python3.12/site-packages/yfinance/data.py", line 378, in _make_request
2024-11-25 21:19:20 - ERROR - response = request_method(**request_args)
2024-11-25 21:19:20 - ERROR - ^
2024-11-25 21:19:20 - ERROR - ^
2024-11-25 21:19:20 - ERROR - ^
2024-11-25 21:19:20 - ERROR - ^
2024-11-25 21:19:20 - ERROR - ^
2024-11-25 21:19:20 - ERROR - ^
2024-11-25 21:19:20 - ERROR - ^
2024-11-25 21:19:20 - ERROR - ^
2024-11-25 21:19:20 - ERROR - ^
2024-11-25 21:19:20 - ERROR - ^
2024-11-25 21:19:20 - ERROR - ^
2024-11-25 21:19:20 - ERROR - ^
2024-11-25 21:19:20 - ERROR - ^
2024-11-25 21:19:20 - ERROR - ^
2024-11-25 21:19:20 - ERROR - ^
2024-11-25 21:19:20 - ERROR - ^
2024-11-25 21:19:20 - ERROR - ^
2024-11-25 21:19:20 - ERROR - ^
2024-11-25 21:19:20 - ERROR - ^
2024-11-25 21:19:20 - ERROR - ^
2024-11-25 21:19:20 - ERROR - ^
2024-11-25 21:19:20 - ERROR - ^
2024-11-25 21:19:20 - ERROR - ^
2024-11-25 21:19:20 - ERROR - ^
2024-11-25 21:19:20 - ERROR - ^
2024-11-25 21:19:20 - ERROR - ^
2024-11-25 21:19:20 - ERROR - ^
2024-11-25 21:19:20 - ERROR - ^
2024-11-25 21:19:20 - ERROR - ^
2024-11-25 21:19:20 - ERROR - ^
2024-11-25 21:19:20 - ERROR - File "/nix/store/l4y7mm2d1dnybyym01b4032h4gji221p-python3.12-requests-2.32.3/lib/python3.12/site-packages/requests/sessions.py", line 602, in get
2024-11-25 21:19:20 - ERROR - return self.request("GET", url, **kwargs)
2024-11-25 21:19:20 - ERROR - ^
2024-11-25 21:19:20 - ERROR - ^
2024-11-25 21:19:20 - ERROR - ^
2024-11-25 21:19:20 - ERROR - ^
2024-11-25 21:19:20 - ERROR - ^
2024-11-25 21:19:20 - ERROR - ^
2024-11-25 21:19:20 - ERROR - ^
2024-11-25 21:19:20 - ERROR - ^
2024-11-25 21:19:20 - ERROR - ^
2024-11-25 21:19:20 - ERROR - ^
2024-11-25 21:19:20 - ERROR - ^
2024-11-25 21:19:20 - ERROR - ^
2024-11-25 21:19:20 - ERROR - ^
2024-11-25 21:19:20 - ERROR - ^
2024-11-25 21:19:20 - ERROR - ^
2024-11-25 21:19:20 - ERROR - ^
2024-11-25 21:19:20 - ERROR - ^
2024-11-25 21:19:20 - ERROR - ^
2024-11-25 21:19:20 - ERROR - ^
2024-11-25 21:19:20 - ERROR - ^
2024-11-25 21:19:20 - ERROR - ^
2024-11-25 21:19:20 - ERROR - ^
2024-11-25 21:19:20 - ERROR - ^
2024-11-25 21:19:20 - ERROR - ^
2024-11-25 21:19:20 - ERROR - ^
2024-11-25 21:19:20 - ERROR - ^
2024-11-25 21:19:20 - ERROR - ^
2024-11-25 21:19:20 - ERROR - ^
2024-11-25 21:19:20 - ERROR - ^
2024-11-25 21:19:20 - ERROR - ^
2024-11-25 21:19:20 - ERROR - ^
2024-11-25 21:19:20 - ERROR - ^
2024-11-25 21:19:20 - ERROR - ^
2024-11-25 21:19:20 - ERROR - ^
2024-11-25 21:19:20 - ERROR - File "/nix/store/l4y7mm2d1dnybyym01b4032h4gji221p-python3.12-requests-2.32.3/lib/python3.12/site-packages/requests/sessions.py", line 589, in request
2024-11-25 21:19:20 - ERROR - resp = self.send(prep, **send_kwargs)
2024-11-25 21:19:20 - ERROR - ^
2024-11-25 21:19:20 - ERROR - ^
2024-11-25 21:19:20 - ERROR - ^
2024-11-25 21:19:20 - ERROR - ^
2024-11-25 21:19:20 - ERROR - ^
2024-11-25 21:19:20 - ERROR - ^
2024-11-25 21:19:20 - ERROR - ^
2024-11-25 21:19:20 - ERROR - ^
2024-11-25 21:19:20 - ERROR - ^
2024-11-25 21:19:20 - ERROR - ^
2024-11-25 21:19:20 - ERROR - ^
2024-11-25 21:19:20 - ERROR - ^
2024-11-25 21:19:20 - ERROR - ^
2024-11-25 21:19:20 - ERROR - ^
2024-11-25 21:19:20 - ERROR - ^
2024-11-25 21:19:20 - ERROR - ^
2024-11-25 21:19:20 - ERROR - ^
2024-11-25 21:19:20 - ERROR - ^
2024-11-25 21:19:20 - ERROR - ^
2024-11-25 21:19:20 - ERROR - ^
2024-11-25 21:19:20 - ERROR - ^
2024-11-25 21:19:20 - ERROR - ^
2024-11-25 21:19:20 - ERROR - ^
2024-11-25 21:19:20 - ERROR - ^
2024-11-25 21:19:20 - ERROR - ^
2024-11-25 21:19:20 - ERROR - ^
2024-11-25 21:19:20 - ERROR - ^
2024-11-25 21:19:20 - ERROR - ^
2024-11-25 21:19:20 - ERROR - ^
2024-11-25 21:19:20 - ERROR - ^
2024-11-25 21:19:20 - ERROR - File "/nix/store/l4y7mm2d1dnybyym01b4032h4gji221p-python3.12-requests-2.32.3/lib/python3.12/site-packages/requests/sessions.py", line 703, in send
2024-11-25 21:19:20 - ERROR - r = adapter.send(request, **kwargs)
2024-11-25 21:19:20 - ERROR - ^
2024-11-25 21:19:20 - ERROR - ^
2024-11-25 21:19:20 - ERROR - ^
2024-11-25 21:19:20 - ERROR - ^
2024-11-25 21:19:20 - ERROR - ^
2024-11-25 21:19:20 - ERROR - ^
2024-11-25 21:19:20 - ERROR - ^
2024-11-25 21:19:20 - ERROR - ^
2024-11-25 21:19:20 - ERROR - ^
2024-11-25 21:19:20 - ERROR - ^
2024-11-25 21:19:20 - ERROR - ^
2024-11-25 21:19:20 - ERROR - ^
2024-11-25 21:19:20 - ERROR - ^
2024-11-25 21:19:20 - ERROR - ^
2024-11-25 21:19:20 - ERROR - ^
2024-11-25 21:19:20 - ERROR - ^
2024-11-25 21:19:20 - ERROR - ^
2024-11-25 21:19:20 - ERROR - ^
2024-11-25 21:19:20 - ERROR - ^
2024-11-25 21:19:20 - ERROR - ^
2024-11-25 21:19:20 - ERROR - ^
2024-11-25 21:19:20 - ERROR - ^
2024-11-25 21:19:20 - ERROR - ^
2024-11-25 21:19:20 - ERROR - ^
2024-11-25 21:19:20 - ERROR - ^
2024-11-25 21:19:20 - ERROR - ^
2024-11-25 21:19:20 - ERROR - ^
2024-11-25 21:19:20 - ERROR - ^
2024-11-25 21:19:20 - ERROR - ^
2024-11-25 21:19:20 - ERROR - ^
2024-11-25 21:19:20 - ERROR - ^
2024-11-25 21:19:20 - ERROR - File "/nix/store/l4y7mm2d1dnybyym01b4032h4gji221p-python3.12-requests-2.32.3/lib/python3.12/site-packages/requests/adapters.py", line 683, in send
2024-11-25 21:19:20 - ERROR - resp = conn.urlopen(
2024-11-25 21:19:20 - ERROR - ^
2024-11-25 21:19:20 - ERROR - ^
2024-11-25 21:19:20 - ERROR - ^
2024-11-25 21:19:20 - ERROR - ^
2024-11-25 21:19:20 - ERROR - ^
2024-11-25 21:19:20 - ERROR - ^
2024-11-25 21:19:20 - ERROR - ^
2024-11-25 21:19:20 - ERROR - ^
2024-11-25 21:19:20 - ERROR - ^
2024-11-25 21:19:20 - ERROR - ^
2024-11-25 21:19:20 - ERROR - ^
2024-11-25 21:19:20 - ERROR - ^
2024-11-25 21:19:20 - ERROR - ^
2024-11-25 21:19:20 - ERROR - File "/nix/store/avkdkdhnb136l7scx4bnhjmnycfbjsl0-python3.12-urllib3-2.2.3/lib/python3.12/site-packages/urllib3/connectionpool.py", line 789, in urlopen
2024-11-25 21:19:20 - ERROR - response = self._make_request(
2024-11-25 21:19:20 - ERROR - ^
2024-11-25 21:19:20 - ERROR - ^
2024-11-25 21:19:20 - ERROR - ^
2024-11-25 21:19:20 - ERROR - ^
2024-11-25 21:19:20 - ERROR - ^
2024-11-25 21:19:20 - ERROR - ^
2024-11-25 21:19:20 - ERROR - ^
2024-11-25 21:19:20 - ERROR - ^
2024-11-25 21:19:20 - ERROR - ^
2024-11-25 21:19:20 - ERROR - ^
2024-11-25 21:19:20 - ERROR - ^
2024-11-25 21:19:20 - ERROR - ^
2024-11-25 21:19:20 - ERROR - ^
2024-11-25 21:19:20 - ERROR - ^
2024-11-25 21:19:20 - ERROR - ^
2024-11-25 21:19:20 - ERROR - ^
2024-11-25 21:19:20 - ERROR - ^
2024-11-25 21:19:20 - ERROR - ^
2024-11-25 21:19:20 - ERROR - ^
2024-11-25 21:19:20 - ERROR - File "/nix/store/avkdkdhnb136l7scx4bnhjmnycfbjsl0-python3.12-urllib3-2.2.3/lib/python3.12/site-packages/urllib3/connectionpool.py", line 536, in _make_request
2024-11-25 21:19:20 - ERROR - response = conn.getresponse()
2024-11-25 21:19:20 - ERROR - ^
2024-11-25 21:19:20 - ERROR - ^
2024-11-25 21:19:20 - ERROR - ^
2024-11-25 21:19:20 - ERROR - ^
2024-11-25 21:19:20 - ERROR - ^
2024-11-25 21:19:20 - ERROR - ^
2024-11-25 21:19:20 - ERROR - ^
2024-11-25 21:19:20 - ERROR - ^
2024-11-25 21:19:20 - ERROR - ^
2024-11-25 21:19:20 - ERROR - ^
2024-11-25 21:19:20 - ERROR - ^
2024-11-25 21:19:20 - ERROR - ^
2024-11-25 21:19:20 - ERROR - ^
2024-11-25 21:19:20 - ERROR - ^
2024-11-25 21:19:20 - ERROR - ^
2024-11-25 21:19:20 - ERROR - ^
2024-11-25 21:19:20 - ERROR - ^
2024-11-25 21:19:20 - ERROR - ^
2024-11-25 21:19:20 - ERROR - File "/nix/store/avkdkdhnb136l7scx4bnhjmnycfbjsl0-python3.12-urllib3-2.2.3/lib/python3.12/site-packages/urllib3/connection.py", line 507, in getresponse
2024-11-25 21:19:20 - ERROR - httplib_response = super().getresponse()
2024-11-25 21:19:20 - ERROR - ^
2024-11-25 21:19:20 - ERROR - ^
2024-11-25 21:19:20 - ERROR - ^
2024-11-25 21:19:20 - ERROR - ^
2024-11-25 21:19:20 - ERROR - ^
2024-11-25 21:19:20 - ERROR - ^
2024-11-25 21:19:20 - ERROR - ^
2024-11-25 21:19:20 - ERROR - ^
2024-11-25 21:19:20 - ERROR - ^
2024-11-25 21:19:20 - ERROR - ^
2024-11-25 21:19:20 - ERROR - ^
2024-11-25 21:19:20 - ERROR - ^
2024-11-25 21:19:20 - ERROR - ^
2024-11-25 21:19:20 - ERROR - ^
2024-11-25 21:19:20 - ERROR - ^
2024-11-25 21:19:20 - ERROR - ^
2024-11-25 21:19:20 - ERROR - ^
2024-11-25 21:19:20 - ERROR - ^
2024-11-25 21:19:20 - ERROR - ^
2024-11-25 21:19:20 - ERROR - ^
2024-11-25 21:19:20 - ERROR - ^
2024-11-25 21:19:20 - ERROR - File "/nix/store/901c80rlps5q05bnjk1sj4zaz5k736nc-python3-3.12.7/lib/python3.12/http/client.py", line 1428, in getresponse
2024-11-25 21:19:20 - ERROR - response.begin()
2024-11-25 21:19:20 - ERROR - File "/nix/store/901c80rlps5q05bnjk1sj4zaz5k736nc-python3-3.12.7/lib/python3.12/http/client.py", line 331, in begin
2024-11-25 21:19:20 - ERROR - version, status, reason = self._read_status()
2024-11-25 21:19:20 - ERROR - ^
2024-11-25 21:19:20 - ERROR - ^
2024-11-25 21:19:20 - ERROR - ^
2024-11-25 21:19:20 - ERROR - ^
2024-11-25 21:19:20 - ERROR - ^
2024-11-25 21:19:20 - ERROR - ^
2024-11-25 21:19:20 - ERROR - ^
2024-11-25 21:19:20 - ERROR - ^
2024-11-25 21:19:20 - ERROR - ^
2024-11-25 21:19:20 - ERROR - ^
2024-11-25 21:19:20 - ERROR - ^
2024-11-25 21:19:20 - ERROR - ^
2024-11-25 21:19:20 - ERROR - ^
2024-11-25 21:19:20 - ERROR - ^
2024-11-25 21:19:20 - ERROR - ^
2024-11-25 21:19:20 - ERROR - ^
2024-11-25 21:19:20 - ERROR - ^
2024-11-25 21:19:20 - ERROR - ^
2024-11-25 21:19:20 - ERROR - ^
2024-11-25 21:19:20 - ERROR - File "/nix/store/901c80rlps5q05bnjk1sj4zaz5k736nc-python3-3.12.7/lib/python3.12/http/client.py", line 292, in _read_status
2024-11-25 21:19:20 - ERROR - line = str(self.fp.readline(_MAXLINE + 1), "iso-8859-1")
2024-11-25 21:19:20 - ERROR - ^
2024-11-25 21:19:20 - ERROR - ^
2024-11-25 21:19:20 - ERROR - ^
2024-11-25 21:19:20 - ERROR - ^
2024-11-25 21:19:20 - ERROR - ^
2024-11-25 21:19:20 - ERROR - ^
2024-11-25 21:19:20 - ERROR - ^
2024-11-25 21:19:20 - ERROR - ^
2024-11-25 21:19:20 - ERROR - ^
2024-11-25 21:19:20 - ERROR - ^
2024-11-25 21:19:20 - ERROR - ^
2024-11-25 21:19:20 - ERROR - ^
2024-11-25 21:19:20 - ERROR - ^
2024-11-25 21:19:20 - ERROR - ^
2024-11-25 21:19:20 - ERROR - ^
2024-11-25 21:19:20 - ERROR - ^
2024-11-25 21:19:20 - ERROR - ^
2024-11-25 21:19:20 - ERROR - ^
2024-11-25 21:19:20 - ERROR - ^
2024-11-25 21:19:20 - ERROR - ^
2024-11-25 21:19:20 - ERROR - ^
2024-11-25 21:19:20 - ERROR - ^
2024-11-25 21:19:20 - ERROR - ^
2024-11-25 21:19:20 - ERROR - ^
2024-11-25 21:19:20 - ERROR - ^
2024-11-25 21:19:20 - ERROR - ^
2024-11-25 21:19:20 - ERROR - ^
2024-11-25 21:19:20 - ERROR - ^
2024-11-25 21:19:20 - ERROR - ^
2024-11-25 21:19:20 - ERROR - ^
2024-11-25 21:19:20 - ERROR - File "/nix/store/901c80rlps5q05bnjk1sj4zaz5k736nc-python3-3.12.7/lib/python3.12/socket.py", line 720, in readinto
2024-11-25 21:19:20 - ERROR - return self._sock.recv_into(b)
2024-11-25 21:19:20 - ERROR - ^
2024-11-25 21:19:20 - ERROR - ^
2024-11-25 21:19:20 - ERROR - ^
2024-11-25 21:19:20 - ERROR - ^
2024-11-25 21:19:20 - ERROR - ^
2024-11-25 21:19:20 - ERROR - ^
2024-11-25 21:19:20 - ERROR - ^
2024-11-25 21:19:20 - ERROR - ^
2024-11-25 21:19:20 - ERROR - ^
2024-11-25 21:19:20 - ERROR - ^
2024-11-25 21:19:20 - ERROR - ^
2024-11-25 21:19:20 - ERROR - ^
2024-11-25 21:19:20 - ERROR - ^
2024-11-25 21:19:20 - ERROR - ^
2024-11-25 21:19:20 - ERROR - ^
2024-11-25 21:19:20 - ERROR - ^
2024-11-25 21:19:20 - ERROR - ^
2024-11-25 21:19:20 - ERROR - ^
2024-11-25 21:19:20 - ERROR - ^
2024-11-25 21:19:20 - ERROR - ^
2024-11-25 21:19:20 - ERROR - ^
2024-11-25 21:19:20 - ERROR - ^
2024-11-25 21:19:20 - ERROR - ^
2024-11-25 21:19:20 - ERROR - File "/nix/store/901c80rlps5q05bnjk1sj4zaz5k736nc-python3-3.12.7/lib/python3.12/ssl.py", line 1251, in recv_into
2024-11-25 21:19:20 - ERROR - return self.read(nbytes, buffer)
2024-11-25 21:19:20 - ERROR - ^
2024-11-25 21:19:20 - ERROR - ^
2024-11-25 21:19:20 - ERROR - ^
2024-11-25 21:19:20 - ERROR - ^
2024-11-25 21:19:20 - ERROR - ^
2024-11-25 21:19:20 - ERROR - ^
2024-11-25 21:19:20 - ERROR - ^
2024-11-25 21:19:20 - ERROR - ^
2024-11-25 21:19:20 - ERROR - ^
2024-11-25 21:19:20 - ERROR - ^
2024-11-25 21:19:20 - ERROR - ^
2024-11-25 21:19:20 - ERROR - ^
2024-11-25 21:19:20 - ERROR - ^
2024-11-25 21:19:20 - ERROR - ^
2024-11-25 21:19:20 - ERROR - ^
2024-11-25 21:19:20 - ERROR - ^
2024-11-25 21:19:20 - ERROR - ^
2024-11-25 21:19:20 - ERROR - ^
2024-11-25 21:19:20 - ERROR - ^
2024-11-25 21:19:20 - ERROR - ^
2024-11-25 21:19:20 - ERROR - ^
2024-11-25 21:19:20 - ERROR - ^
2024-11-25 21:19:20 - ERROR - ^
2024-11-25 21:19:20 - ERROR - ^
2024-11-25 21:19:20 - ERROR - ^
2024-11-25 21:19:20 - ERROR - File "/nix/store/901c80rlps5q05bnjk1sj4zaz5k736nc-python3-3.12.7/lib/python3.12/ssl.py", line 1103, in read
2024-11-25 21:19:20 - ERROR - return self._sslobj.read(len, buffer)
2024-11-25 21:19:20 - ERROR - ^
2024-11-25 21:19:20 - ERROR - ^
2024-11-25 21:19:20 - ERROR - ^
2024-11-25 21:19:20 - ERROR - ^
2024-11-25 21:19:20 - ERROR - ^
2024-11-25 21:19:20 - ERROR - ^
2024-11-25 21:19:20 - ERROR - ^
2024-11-25 21:19:20 - ERROR - ^
2024-11-25 21:19:20 - ERROR - ^
2024-11-25 21:19:20 - ERROR - ^
2024-11-25 21:19:20 - ERROR - ^
2024-11-25 21:19:20 - ERROR - ^
2024-11-25 21:19:20 - ERROR - ^
2024-11-25 21:19:20 - ERROR - ^
2024-11-25 21:19:20 - ERROR - ^
2024-11-25 21:19:20 - ERROR - ^
2024-11-25 21:19:20 - ERROR - ^
2024-11-25 21:19:20 - ERROR - ^
2024-11-25 21:19:20 - ERROR - ^
2024-11-25 21:19:20 - ERROR - ^
2024-11-25 21:19:20 - ERROR - ^
2024-11-25 21:19:20 - ERROR - ^
2024-11-25 21:19:20 - ERROR - ^
2024-11-25 21:19:20 - ERROR - ^
2024-11-25 21:19:20 - ERROR - ^
2024-11-25 21:19:20 - ERROR - ^
2024-11-25 21:19:20 - ERROR - ^
2024-11-25 21:19:20 - ERROR - ^
2024-11-25 21:19:20 - ERROR - ^
2024-11-25 21:19:20 - ERROR - ^
2024-11-25 21:19:20 - ERROR - KeyboardInterrupt
2024-11-25 21:19:20 - ERROR - Exception ignored in:
2024-11-25 21:19:20 - ERROR - <module 'threading' from '/nix/store/901c80rlps5q05bnjk1sj4zaz5k736nc-python3-3.12.7/lib/python3.12/threading.py'>
2024-11-25 21:19:20 - ERROR - Traceback (most recent call last):
2024-11-25 21:19:20 - ERROR - File "/nix/store/901c80rlps5q05bnjk1sj4zaz5k736nc-python3-3.12.7/lib/python3.12/threading.py", line 1624, in _shutdown
2024-11-25 21:19:20 - ERROR - lock.acquire()
2024-11-25 21:19:20 - ERROR - KeyboardInterrupt
2024-11-25 21:19:20 - ERROR - :
