2024-11-25 21:18:40 - INFO - updating database
2024-11-25 21:18:40 - INFO - Connecting to Supabase...
2024-11-25 21:18:40 - INFO - Supabase client created successfully!
2024-11-25 21:18:41 - INFO - HTTP Request: POST https://ibwaxbmvshovpenseudo.supabase.co/rest/v1/rpc/paginate_stock_symbols "HTTP/2 200 OK"
2024-11-25 21:18:41 - INFO - Aktie 1: ADM
2024-11-25 21:18:41 - INFO - HTTP Request: POST https://ibwaxbmvshovpenseudo.supabase.co/rest/v1/rpc/upsert_stock_prices_bulk "HTTP/2 204 No Content"
2024-11-25 21:18:41 - INFO - Inserted 1 rows.
2024-11-25 21:18:42 - INFO - Aktie 2: RNL1.F
2024-11-25 21:18:42 - INFO - HTTP Request: POST https://ibwaxbmvshovpenseudo.supabase.co/rest/v1/rpc/upsert_stock_prices_bulk "HTTP/2 204 No Content"
2024-11-25 21:18:42 - INFO - Inserted 1 rows.
2024-11-25 21:18:42 - INFO - Aktie 3: RNO.PA
2024-11-25 21:18:42 - INFO - HTTP Request: POST https://ibwaxbmvshovpenseudo.supabase.co/rest/v1/rpc/upsert_stock_prices_bulk "HTTP/2 204 No Content"
2024-11-25 21:18:42 - INFO - Inserted 1 rows.
2024-11-25 21:18:43 - INFO - Aktie 4: DTG.DE
2024-11-25 21:18:43 - INFO - HTTP Request: POST https://ibwaxbmvshovpenseudo.supabase.co/rest/v1/rpc/upsert_stock_prices_bulk "HTTP/2 204 No Content"
2024-11-25 21:18:43 - INFO - Inserted 1 rows.
2024-11-25 21:18:44 - INFO - Aktie 5: F
2024-11-25 21:18:44 - INFO - HTTP Request: POST https://ibwaxbmvshovpenseudo.supabase.co/rest/v1/rpc/upsert_stock_prices_bulk "HTTP/2 204 No Content"
2024-11-25 21:18:44 - INFO - Inserted 1 rows.
2024-11-25 21:18:44 - INFO - Aktie 6: RACE.MI
2024-11-25 21:18:44 - INFO - HTTP Request: POST https://ibwaxbmvshovpenseudo.supabase.co/rest/v1/rpc/upsert_stock_prices_bulk "HTTP/2 204 No Content"
2024-11-25 21:18:44 - INFO - Inserted 1 rows.
2024-11-25 21:18:45 - INFO - Aktie 7: PAH3.DE
2024-11-25 21:18:45 - INFO - HTTP Request: POST https://ibwaxbmvshovpenseudo.supabase.co/rest/v1/rpc/upsert_stock_prices_bulk "HTTP/2 204 No Content"
2024-11-25 21:18:45 - INFO - Inserted 1 rows.
2024-11-25 21:18:46 - INFO - Aktie 8: STLA
2024-11-25 21:18:46 - INFO - HTTP Request: POST https://ibwaxbmvshovpenseudo.supabase.co/rest/v1/rpc/upsert_stock_prices_bulk "HTTP/2 204 No Content"
2024-11-25 21:18:46 - INFO - Inserted 1 rows.
2024-11-25 21:18:46 - INFO - Aktie 9: 7EL.F
2024-11-25 21:18:46 - INFO - HTTP Request: POST https://ibwaxbmvshovpenseudo.supabase.co/rest/v1/rpc/upsert_stock_prices_bulk "HTTP/2 204 No Content"
2024-11-25 21:18:46 - INFO - Inserted 1 rows.
2024-11-25 21:18:47 - INFO - Aktie 10: BWA
2024-11-25 21:18:47 - INFO - HTTP Request: POST https://ibwaxbmvshovpenseudo.supabase.co/rest/v1/rpc/upsert_stock_prices_bulk "HTTP/2 204 No Content"
2024-11-25 21:18:47 - INFO - Inserted 1 rows.
2024-11-25 21:18:48 - INFO - Aktie 11: BMED.MI
2024-11-25 21:18:48 - INFO - HTTP Request: POST https://ibwaxbmvshovpenseudo.supabase.co/rest/v1/rpc/upsert_stock_prices_bulk "HTTP/2 204 No Content"
2024-11-25 21:18:48 - INFO - Inserted 1 rows.
2024-11-25 21:18:48 - INFO - Aktie 12: FR.PA
2024-11-25 21:18:49 - INFO - HTTP Request: POST https://ibwaxbmvshovpenseudo.supabase.co/rest/v1/rpc/upsert_stock_prices_bulk "HTTP/2 204 No Content"
2024-11-25 21:18:49 - INFO - Inserted 1 rows.
2024-11-25 21:18:49 - INFO - Aktie 13: BDT.DE
2024-11-25 21:18:49 - INFO - HTTP Request: POST https://ibwaxbmvshovpenseudo.supabase.co/rest/v1/rpc/upsert_stock_prices_bulk "HTTP/2 204 No Content"
2024-11-25 21:18:49 - INFO - Inserted 1 rows.
2024-11-25 21:18:50 - INFO - Aktie 14: GMM.DE
2024-11-25 21:18:50 - INFO - HTTP Request: POST https://ibwaxbmvshovpenseudo.supabase.co/rest/v1/rpc/upsert_stock_prices_bulk "HTTP/2 204 No Content"
2024-11-25 21:18:50 - INFO - Inserted 1 rows.
2024-11-25 21:18:50 - INFO - Aktie 15: BVI.PA
2024-11-25 21:18:51 - INFO - HTTP Request: POST https://ibwaxbmvshovpenseudo.supabase.co/rest/v1/rpc/upsert_stock_prices_bulk "HTTP/2 204 No Content"
2024-11-25 21:18:51 - INFO - Inserted 1 rows.
2024-11-25 21:18:51 - INFO - Aktie 16: CON.DE
2024-11-25 21:18:51 - INFO - HTTP Request: POST https://ibwaxbmvshovpenseudo.supabase.co/rest/v1/rpc/upsert_stock_prices_bulk "HTTP/2 204 No Content"
2024-11-25 21:18:51 - INFO - Inserted 1 rows.
2024-11-25 21:18:52 - INFO - Aktie 17: ALIV-SDB.ST
2024-11-25 21:18:52 - INFO - HTTP Request: POST https://ibwaxbmvshovpenseudo.supabase.co/rest/v1/rpc/upsert_stock_prices_bulk "HTTP/2 204 No Content"
2024-11-25 21:18:52 - INFO - Inserted 1 rows.
2024-11-25 21:18:52 - INFO - Aktie 18: APTV
2024-11-25 21:18:53 - INFO - HTTP Request: POST https://ibwaxbmvshovpenseudo.supabase.co/rest/v1/rpc/upsert_stock_prices_bulk "HTTP/2 204 No Content"
2024-11-25 21:18:53 - INFO - Inserted 1 rows.
2024-11-25 21:18:53 - INFO - Aktie 19: RDC.DE
2024-11-25 21:18:53 - INFO - HTTP Request: POST https://ibwaxbmvshovpenseudo.supabase.co/rest/v1/rpc/upsert_stock_prices_bulk "HTTP/2 204 No Content"
2024-11-25 21:18:53 - INFO - Inserted 1 rows.
2024-11-25 21:18:54 - INFO - Aktie 20: RER1.F
2024-11-25 21:18:54 - INFO - HTTP Request: POST https://ibwaxbmvshovpenseudo.supabase.co/rest/v1/rpc/upsert_stock_prices_bulk "HTTP/2 204 No Content"
2024-11-25 21:18:54 - INFO - Inserted 1 rows.
2024-11-25 21:18:54 - INFO - Aktie 21: PSN.L
2024-11-25 21:18:55 - INFO - HTTP Request: POST https://ibwaxbmvshovpenseudo.supabase.co/rest/v1/rpc/upsert_stock_prices_bulk "HTTP/2 204 No Content"
2024-11-25 21:18:55 - INFO - Inserted 1 rows.
2024-11-25 21:18:55 - INFO - Aktie 22: PWR
2024-11-25 21:18:55 - INFO - HTTP Request: POST https://ibwaxbmvshovpenseudo.supabase.co/rest/v1/rpc/upsert_stock_prices_bulk "HTTP/2 204 No Content"
2024-11-25 21:18:55 - INFO - Inserted 1 rows.
2024-11-25 21:18:56 - INFO - Aktie 23: SKBSY
2024-11-25 21:18:56 - INFO - HTTP Request: POST https://ibwaxbmvshovpenseudo.supabase.co/rest/v1/rpc/upsert_stock_prices_bulk "HTTP/2 204 No Content"
2024-11-25 21:18:56 - INFO - Inserted 1 rows.
2024-11-25 21:18:56 - ERROR - Traceback (most recent call last):
2024-11-25 21:18:56 - ERROR - File "/home/johannes/Desktop/aktien-datenbank/src/bgservice.py", line 58, in <module>
2024-11-25 21:18:56 - ERROR - schedule.run_all()
2024-11-25 21:18:56 - ERROR - File "/nix/store/wm8mv62sb73zny51g9pkxi72992bxjwq-python3.12-schedule-1.2.2/lib/python3.12/site-packages/schedule/__init__.py", line 861, in run_all
2024-11-25 21:18:56 - ERROR - default_scheduler.run_all(delay_seconds=delay_seconds)
2024-11-25 21:18:56 - ERROR - File "/nix/store/wm8mv62sb73zny51g9pkxi72992bxjwq-python3.12-schedule-1.2.2/lib/python3.12/site-packages/schedule/__init__.py", line 119, in run_all
2024-11-25 21:18:56 - ERROR - self._run_job(job)
2024-11-25 21:18:56 - ERROR - File "/nix/store/wm8mv62sb73zny51g9pkxi72992bxjwq-python3.12-schedule-1.2.2/lib/python3.12/site-packages/schedule/__init__.py", line 173, in _run_job
2024-11-25 21:18:56 - ERROR - ret = job.run()
2024-11-25 21:18:56 - ERROR - ^
2024-11-25 21:18:56 - ERROR - ^
2024-11-25 21:18:56 - ERROR - ^
2024-11-25 21:18:56 - ERROR - ^
2024-11-25 21:18:56 - ERROR - ^
2024-11-25 21:18:56 - ERROR - ^
2024-11-25 21:18:56 - ERROR - ^
2024-11-25 21:18:56 - ERROR - ^
2024-11-25 21:18:56 - ERROR - ^
2024-11-25 21:18:56 - ERROR - File "/nix/store/wm8mv62sb73zny51g9pkxi72992bxjwq-python3.12-schedule-1.2.2/lib/python3.12/site-packages/schedule/__init__.py", line 691, in run
2024-11-25 21:18:56 - ERROR - ret = self.job_func()
2024-11-25 21:18:56 - ERROR - ^
2024-11-25 21:18:56 - ERROR - ^
2024-11-25 21:18:56 - ERROR - ^
2024-11-25 21:18:56 - ERROR - ^
2024-11-25 21:18:56 - ERROR - ^
2024-11-25 21:18:56 - ERROR - ^
2024-11-25 21:18:56 - ERROR - ^
2024-11-25 21:18:56 - ERROR - ^
2024-11-25 21:18:56 - ERROR - ^
2024-11-25 21:18:56 - ERROR - ^
2024-11-25 21:18:56 - ERROR - ^
2024-11-25 21:18:56 - ERROR - ^
2024-11-25 21:18:56 - ERROR - ^
2024-11-25 21:18:56 - ERROR - ^
2024-11-25 21:18:56 - ERROR - ^
2024-11-25 21:18:56 - ERROR - File "/home/johannes/Desktop/aktien-datenbank/src/bgservice.py", line 27, in job
2024-11-25 21:18:56 - ERROR - update()
2024-11-25 21:18:56 - ERROR - File "/home/johannes/Desktop/aktien-datenbank/src/updateDatabase.py", line 41, in update
2024-11-25 21:18:56 - ERROR - response = bulkInsertPrice(supabase, parsePriceFrame(el, id), chunk_size=500)
2024-11-25 21:18:56 - ERROR - ^
2024-11-25 21:18:56 - ERROR - ^
2024-11-25 21:18:56 - ERROR - ^
2024-11-25 21:18:56 - ERROR - ^
2024-11-25 21:18:56 - ERROR - ^
2024-11-25 21:18:56 - ERROR - ^
2024-11-25 21:18:56 - ERROR - ^
2024-11-25 21:18:56 - ERROR - ^
2024-11-25 21:18:56 - ERROR - ^
2024-11-25 21:18:56 - ERROR - ^
2024-11-25 21:18:56 - ERROR - ^
2024-11-25 21:18:56 - ERROR - ^
2024-11-25 21:18:56 - ERROR - ^
2024-11-25 21:18:56 - ERROR - ^
2024-11-25 21:18:56 - ERROR - ^
2024-11-25 21:18:56 - ERROR - ^
2024-11-25 21:18:56 - ERROR - ^
2024-11-25 21:18:56 - ERROR - ^
2024-11-25 21:18:56 - ERROR - ^
2024-11-25 21:18:56 - ERROR - ^
2024-11-25 21:18:56 - ERROR - ^
2024-11-25 21:18:56 - ERROR - ^
2024-11-25 21:18:56 - ERROR - ^
2024-11-25 21:18:56 - ERROR - ^
2024-11-25 21:18:56 - ERROR - ^
2024-11-25 21:18:56 - ERROR - ^
2024-11-25 21:18:56 - ERROR - ^
2024-11-25 21:18:56 - ERROR - ^
2024-11-25 21:18:56 - ERROR - ^
2024-11-25 21:18:56 - ERROR - ^
2024-11-25 21:18:56 - ERROR - ^
2024-11-25 21:18:56 - ERROR - ^
2024-11-25 21:18:56 - ERROR - ^
2024-11-25 21:18:56 - ERROR - ^
2024-11-25 21:18:56 - ERROR - ^
2024-11-25 21:18:56 - ERROR - ^
2024-11-25 21:18:56 - ERROR - ^
2024-11-25 21:18:56 - ERROR - ^
2024-11-25 21:18:56 - ERROR - ^
2024-11-25 21:18:56 - ERROR - ^
2024-11-25 21:18:56 - ERROR - ^
2024-11-25 21:18:56 - ERROR - ^
2024-11-25 21:18:56 - ERROR - ^
2024-11-25 21:18:56 - ERROR - ^
2024-11-25 21:18:56 - ERROR - ^
2024-11-25 21:18:56 - ERROR - ^
2024-11-25 21:18:56 - ERROR - ^
2024-11-25 21:18:56 - ERROR - ^
2024-11-25 21:18:56 - ERROR - ^
2024-11-25 21:18:56 - ERROR - ^
2024-11-25 21:18:56 - ERROR - ^
2024-11-25 21:18:56 - ERROR - ^
2024-11-25 21:18:56 - ERROR - ^
2024-11-25 21:18:56 - ERROR - ^
2024-11-25 21:18:56 - ERROR - ^
2024-11-25 21:18:56 - ERROR - ^
2024-11-25 21:18:56 - ERROR - ^
2024-11-25 21:18:56 - ERROR - ^
2024-11-25 21:18:56 - ERROR - ^
2024-11-25 21:18:56 - ERROR - ^
2024-11-25 21:18:56 - ERROR - ^
2024-11-25 21:18:56 - ERROR - ^
2024-11-25 21:18:56 - ERROR - ^
2024-11-25 21:18:56 - ERROR - ^
2024-11-25 21:18:56 - ERROR - ^
2024-11-25 21:18:56 - ERROR - ^
2024-11-25 21:18:56 - ERROR - File "/home/johannes/Desktop/aktien-datenbank/src/database/insert_prices.py", line 37, in bulkInsertPrice
2024-11-25 21:18:56 - ERROR - time.sleep(.5)
2024-11-25 21:18:56 - ERROR - KeyboardInterrupt
2024-11-25 21:18:58 - ERROR - Exception ignored in:
2024-11-25 21:18:58 - ERROR - <module 'threading' from '/nix/store/901c80rlps5q05bnjk1sj4zaz5k736nc-python3-3.12.7/lib/python3.12/threading.py'>
2024-11-25 21:18:58 - ERROR - Traceback (most recent call last):
2024-11-25 21:18:58 - ERROR - File "/nix/store/901c80rlps5q05bnjk1sj4zaz5k736nc-python3-3.12.7/lib/python3.12/threading.py", line 1624, in _shutdown
2024-11-25 21:18:58 - ERROR - lock.acquire()
2024-11-25 21:18:58 - ERROR - KeyboardInterrupt
2024-11-25 21:18:58 - ERROR - :
