2024-11-25 21:23:10 - INFO - updating database
2024-11-25 21:23:10 - INFO - Connecting to Supabase...
2024-11-25 21:23:10 - INFO - Supabase client created successfully!
2024-11-25 21:23:10 - INFO - HTTP Request: POST https://ibwaxbmvshovpenseudo.supabase.co/rest/v1/rpc/paginate_stock_symbols "HTTP/2 200 OK"
2024-11-25 21:23:10 - INFO - Aktie 1: ADM
2024-11-25 21:23:10 - INFO - HTTP Request: POST https://ibwaxbmvshovpenseudo.supabase.co/rest/v1/rpc/upsert_stock_prices_bulk "HTTP/2 204 No Content"
2024-11-25 21:23:10 - INFO - Inserted 1 rows.
2024-11-25 21:23:11 - INFO - Aktie 2: RNL1.F
2024-11-25 21:23:11 - INFO - HTTP Request: POST https://ibwaxbmvshovpenseudo.supabase.co/rest/v1/rpc/upsert_stock_prices_bulk "HTTP/2 204 No Content"
2024-11-25 21:23:11 - INFO - Inserted 1 rows.
2024-11-25 21:23:12 - INFO - Aktie 3: RNO.PA
2024-11-25 21:23:12 - INFO - HTTP Request: POST https://ibwaxbmvshovpenseudo.supabase.co/rest/v1/rpc/upsert_stock_prices_bulk "HTTP/2 204 No Content"
2024-11-25 21:23:12 - INFO - Inserted 1 rows.
2024-11-25 21:23:12 - INFO - Aktie 4: DTG.DE
2024-11-25 21:23:12 - INFO - HTTP Request: POST https://ibwaxbmvshovpenseudo.supabase.co/rest/v1/rpc/upsert_stock_prices_bulk "HTTP/2 204 No Content"
2024-11-25 21:23:12 - INFO - Inserted 1 rows.
2024-11-25 21:23:13 - INFO - Aktie 5: F
2024-11-25 21:23:13 - INFO - HTTP Request: POST https://ibwaxbmvshovpenseudo.supabase.co/rest/v1/rpc/upsert_stock_prices_bulk "HTTP/2 204 No Content"
2024-11-25 21:23:13 - INFO - Inserted 1 rows.
2024-11-25 21:23:14 - INFO - Aktie 6: RACE.MI
2024-11-25 21:23:14 - INFO - HTTP Request: POST https://ibwaxbmvshovpenseudo.supabase.co/rest/v1/rpc/upsert_stock_prices_bulk "HTTP/2 204 No Content"
2024-11-25 21:23:14 - INFO - Inserted 1 rows.
2024-11-25 21:23:14 - INFO - Aktie 7: PAH3.DE
2024-11-25 21:23:15 - INFO - HTTP Request: POST https://ibwaxbmvshovpenseudo.supabase.co/rest/v1/rpc/upsert_stock_prices_bulk "HTTP/2 204 No Content"
2024-11-25 21:23:15 - INFO - Inserted 1 rows.
2024-11-25 21:23:15 - INFO - Aktie 8: STLA
2024-11-25 21:23:15 - INFO - HTTP Request: POST https://ibwaxbmvshovpenseudo.supabase.co/rest/v1/rpc/upsert_stock_prices_bulk "HTTP/2 204 No Content"
2024-11-25 21:23:15 - INFO - Inserted 1 rows.
2024-11-25 21:23:16 - INFO - Aktie 9: 7EL.F
2024-11-25 21:23:16 - INFO - HTTP Request: POST https://ibwaxbmvshovpenseudo.supabase.co/rest/v1/rpc/upsert_stock_prices_bulk "HTTP/2 204 No Content"
2024-11-25 21:23:16 - INFO - Inserted 1 rows.
2024-11-25 21:23:16 - INFO - Aktie 10: BWA
2024-11-25 21:23:17 - INFO - HTTP Request: POST https://ibwaxbmvshovpenseudo.supabase.co/rest/v1/rpc/upsert_stock_prices_bulk "HTTP/2 204 No Content"
2024-11-25 21:23:17 - INFO - Inserted 1 rows.
2024-11-25 21:23:17 - INFO - Aktie 11: BMED.MI
2024-11-25 21:23:17 - INFO - HTTP Request: POST https://ibwaxbmvshovpenseudo.supabase.co/rest/v1/rpc/upsert_stock_prices_bulk "HTTP/2 204 No Content"
2024-11-25 21:23:17 - INFO - Inserted 1 rows.
2024-11-25 21:23:18 - INFO - Aktie 12: FR.PA
2024-11-25 21:23:18 - INFO - HTTP Request: POST https://ibwaxbmvshovpenseudo.supabase.co/rest/v1/rpc/upsert_stock_prices_bulk "HTTP/2 204 No Content"
2024-11-25 21:23:18 - INFO - Inserted 1 rows.
2024-11-25 21:23:18 - INFO - Aktie 13: BDT.DE
2024-11-25 21:23:19 - INFO - HTTP Request: POST https://ibwaxbmvshovpenseudo.supabase.co/rest/v1/rpc/upsert_stock_prices_bulk "HTTP/2 204 No Content"
2024-11-25 21:23:19 - INFO - Inserted 1 rows.
2024-11-25 21:23:19 - INFO - Aktie 14: GMM.DE
